        -:    0:Source:cardtest2.c
        -:    0:Graph:cardtest2.gcno
        -:    0:Data:cardtest2.gcda
        -:    0:Runs:1
        -:    0:Programs:1
        -:    1:/* 
        -:    2:* --------------------------------------------------------
        -:    3:* Brian Laccone
        -:    4:* CS 372 - Assignment 3
        -:    5:* cardtest2.c
        -:    6:* --------------------------------------------------------
        -:    7:*/
        -:    8:
        -:    9:#include "dominion.h"
        -:   10:#include "dominion_helpers.h"
        -:   11:#include "rngs.h"
        -:   12:#include <string.h>
        -:   13:#include <stdio.h>
        -:   14:#include <assert.h>
        -:   15:
        -:   16://integer to keep track of how many tests fail
        -:   17:int failCount = 0;
        -:   18:
        -:   19://function to check if two integers are equal
        -:   20://better than using assert in c because it won't stop the program
       17:   21:void assertTrue(int a, int b)
        -:   22:{
        -:   23:
       17:   24:	if (a == b)
        -:   25:	{
       15:   26:		printf("Test: PASSED\n");
        -:   27:	}
        -:   28:	else
        -:   29:	{
        2:   30:		failCount++;
        2:   31:		printf("Test: FAILED\n");
        -:   32:	}
        -:   33:
       17:   34:}
        -:   35:
        1:   36:int main()
        -:   37:{
        -:   38:
        1:   39:	int seed = 100;
        1:   40:	int k[10] = {adventurer, council_room, feast, gardens, mine, 
        -:   41:				remodel, smithy, village, baron, great_hall};
        -:   42:	struct gameState S;
        -:   43:	struct gameState S_Original;
        1:   44:	int numPlayers = 2;
        1:   45:	int bonus = 0;
        -:   46:	int i;
        -:   47:
        1:   48:	printf("----------------- Testing Smithy Card ----------------\n");
        1:   49:	memset(&S,23,sizeof(struct gameState));
        1:   50:	memset(&S_Original,23,sizeof(struct gameState));
        1:   51:    initializeGame(numPlayers, k, seed, &S);
        -:   52:    //copy S to S_original
        1:   53:    memcpy(&S_Original, &S, sizeof(struct gameState));
        -:   54:    //test Smithy
        1:   55:    cardEffect(smithy, 0, 0, 0, &S, 0, &bonus);
        -:   56:
        -:   57:    //test1
        1:   58:    printf("\nTest 1 ---> Check if player draws three cards and it's from their own deck\n\n");
        1:   59:   	printf("Checking handCount...\n");
        1:   60:	assertTrue(S_Original.handCount[0]+3, S.handCount[0]);
        1:   61:	printf("\n");
        1:   62:	printf("Checking deckCount...\n");
        1:   63:	assertTrue(S_Original.deckCount[0]-3, S.deckCount[0]);
        1:   64:	printf("\n");
        -:   65:
        -:   66:    //test 2
        1:   67:    printf("\nTest 2 ---> Check if victory piles change\n\n");
        1:   68:    printf("Expected province count = %d\n", S_Original.supplyCount[province]);
        1:   69:    printf("Actual province count = %d\n\n", S.supplyCount[province]);
        1:   70:    assertTrue(S.supplyCount[province], S_Original.supplyCount[province]);
        -:   71:
        1:   72:    printf("\nExpected duchy count = %d\n", S_Original.supplyCount[duchy]);
        1:   73:    printf("Actual duchy count = %d\n\n", S.supplyCount[duchy]);
        1:   74:    assertTrue(S.supplyCount[duchy], S_Original.supplyCount[duchy]);
        -:   75:
        1:   76:    printf("\nExpected estate count = %d\n", S_Original.supplyCount[estate]);
        1:   77:    printf("Actual estate count = %d\n\n", S.supplyCount[estate]);
        1:   78:    assertTrue(S.supplyCount[estate], S_Original.supplyCount[estate]);
        1:   79: 	printf("\n");
        -:   80:
        -:   81: 	//test 3
        1:   82:    printf("\nTest 3 ---> Check if kingdom card piles change\n\n");
       11:   83:    for (i=0; i < 10; i++)
        -:   84:    {
       10:   85:    	printf("Testing card #%d ...\n", i+1);
       10:   86:    	assertTrue(S_Original.supplyCount[k[i]], S.supplyCount[k[i]]);
       10:   87:    	printf("\n");
        -:   88:    }
        -:   89:
        -:   90:
        -:   91: 	//test 4
        1:   92:    printf("\nTest 4 ---> Check if other player was affected\n\n");
        -:   93:    //check deck
        1:   94:    printf("Expected deck count = %d\n", S_Original.deckCount[1]);
        1:   95:    printf("Actual deck count = %d\n", S.deckCount[1]);
        1:   96:	assertTrue(S_Original.deckCount[1], S.deckCount[1]);
        1:   97:	printf("\n");
        -:   98:	//check hand
        1:   99:	printf("Expected hand count = %d\n", S_Original.handCount[1]);
        1:  100:    printf("Actual hand count = %d\n", S.handCount[1]);
        1:  101:	assertTrue(S_Original.handCount[1], S.handCount[1]);
        1:  102:	printf("\n");
        -:  103:
        -:  104:
        1:  105:	if (failCount) 
        -:  106:	{
        1:  107:        printf("\nTEST FAILED\n");
        1:  108:        printf("FAILS: %d\n\n",failCount);
        -:  109:    }
        -:  110:    else 
        -:  111:    {
    #####:  112:        printf("\nTEST SUCCESSFULLY COMPLETED\n\n");
        -:  113:    }
        -:  114:
        1:  115:	return 0;
        -:  116:}
