        -:    0:Source:cardtest4.c
        -:    0:Graph:cardtest4.gcno
        -:    0:Data:cardtest4.gcda
        -:    0:Runs:1
        -:    0:Programs:1
        -:    1:/* 
        -:    2:* --------------------------------------------------------
        -:    3:* Brian Laccone
        -:    4:* CS 372 - Assignment 3
        -:    5:* cardtest3.c
        -:    6:* --------------------------------------------------------
        -:    7:*/
        -:    8:
        -:    9:#include "dominion.h"
        -:   10:#include "dominion_helpers.h"
        -:   11:#include "rngs.h"
        -:   12:#include <string.h>
        -:   13:#include <stdio.h>
        -:   14:#include <assert.h>
        -:   15:
        -:   16://integer to keep track of how many tests fail
        -:   17:int failCount = 0;
        -:   18:
        -:   19://function to check if two integers are equal
        -:   20://better than using assert in c because it won't stop the program
       20:   21:void assertTrue(int a, int b)
        -:   22:{
        -:   23:
       20:   24:	if (a == b)
        -:   25:	{
       15:   26:		printf("Test: PASSED\n");
        -:   27:	}
        -:   28:	else
        -:   29:	{
        5:   30:		failCount++;
        5:   31:		printf("Test: FAILED\n");
        -:   32:	}
        -:   33:
       20:   34:}
        -:   35:
        1:   36:int main()
        -:   37:{
        -:   38:
        1:   39:	int seed = 100;
        1:   40:	int k[10] = {adventurer, council_room, feast, gardens, mine, 
        -:   41:				remodel, smithy, village, baron, great_hall};
        -:   42:	struct gameState S;
        -:   43:	struct gameState S_Original;
        1:   44:	int numPlayers = 2;
        1:   45:	int bonus = 0;
        -:   46:	int i;
        -:   47:
        1:   48:	printf("----------------- Testing Council Room Card ----------------\n");
        1:   49:	memset(&S,23,sizeof(struct gameState));
        1:   50:	memset(&S_Original,23,sizeof(struct gameState));
        1:   51:    initializeGame(numPlayers, k, seed, &S);
        -:   52:    //copy S to S_original
        1:   53:    memcpy(&S_Original, &S, sizeof(struct gameState));
        -:   54:    //test Smithy
        1:   55:    cardEffect(great_hall, 0, 0, 0, &S, 0, &bonus);
        -:   56:
        -:   57:    //test1
        1:   58:    printf("\nTest 1 ---> Check if player draws 4 cards and it's from their own deck\n\n");
        1:   59:   	printf("Expected handCount = %d\n", S_Original.handCount[0]+4);
        1:   60:    printf("Actual handCount = %d\n\n", S.handCount[0]);
        1:   61:	assertTrue(S_Original.handCount[0]+4, S.handCount[0]);
        1:   62:	printf("\n");
        1:   63:	printf("Expected deckCount = %d\n", S_Original.deckCount[0]-4);
        1:   64:    printf("Actual deckCount = %d\n\n", S.deckCount[0]);
        1:   65:	assertTrue(S_Original.deckCount[0]-4, S.deckCount[0]);
        1:   66:	printf("\n");
        -:   67:
        -:   68:	//test2
        1:   69:    printf("\nTest 2 ---> Check if other player draws a card and it's from their own deck\n\n");
        1:   70:   	printf("Expected handCount = %d\n", S_Original.handCount[1]+1);
        1:   71:    printf("Actual handCount = %d\n\n", S.handCount[1]);
        1:   72:	assertTrue(S_Original.handCount[1]+1, S.handCount[1]);
        1:   73:	printf("\n");
        1:   74:	printf("Expected deckCount = %d\n", S_Original.deckCount[1]-1);
        1:   75:    printf("Actual deckCount = %d\n\n", S.deckCount[1]);
        1:   76:	assertTrue(S_Original.deckCount[1]-1, S.deckCount[1]);
        1:   77:	printf("\n");
        -:   78:
        -:   79:	//test3
        1:   80:    printf("\nTest 3 ---> Check if player's number of buys increases by 1\n\n");
        1:   81:   	printf("Expected number of buys = %d\n", S_Original.numBuys+1);
        1:   82:    printf("Actual number of buys = %d\n\n", S.numBuys);
        1:   83:	assertTrue(S_Original.numBuys+1, S.numBuys);
        1:   84:	printf("\n");
        -:   85:	
        -:   86:	//test 4
        1:   87:    printf("\nTest 4 ---> Check if victory piles change\n\n");
        1:   88:    printf("Expected province count = %d\n", S_Original.supplyCount[province]);
        1:   89:    printf("Actual province count = %d\n\n", S.supplyCount[province]);
        1:   90:    assertTrue(S.supplyCount[province], S_Original.supplyCount[province]);
        -:   91:
        1:   92:    printf("\nExpected duchy count = %d\n", S_Original.supplyCount[duchy]);
        1:   93:    printf("Actual duchy count = %d\n\n", S.supplyCount[duchy]);
        1:   94:    assertTrue(S.supplyCount[duchy], S_Original.supplyCount[duchy]);
        -:   95:
        1:   96:    printf("\nExpected estate count = %d\n", S_Original.supplyCount[estate]);
        1:   97:    printf("Actual estate count = %d\n\n", S.supplyCount[estate]);
        1:   98:    assertTrue(S.supplyCount[estate], S_Original.supplyCount[estate]);
        1:   99: 	printf("\n");
        -:  100:
        -:  101: 	//test 5
        1:  102:    printf("\nTest 5 ---> Check if kingdom card piles change\n\n");
       11:  103:    for (i=0; i < 10; i++)
        -:  104:    {
       10:  105:    	printf("Testing card #%d ...\n", i+1);
       10:  106:    	assertTrue(S_Original.supplyCount[k[i]], S.supplyCount[k[i]]);
       10:  107:    	printf("\n");
        -:  108:    }
        -:  109:
        -:  110: 	//test 6
        1:  111:    printf("\nTest 6 ---> Check if other player was affected\n\n");
        -:  112:    //check deck
        1:  113:    printf("Expected deck count = %d\n", S_Original.deckCount[1]);
        1:  114:    printf("Actual deck count = %d\n", S.deckCount[1]);
        1:  115:	assertTrue(S_Original.deckCount[1], S.deckCount[1]);
        1:  116:	printf("\n");
        -:  117:	//check hand
        1:  118:	printf("Expected hand count = %d\n", S_Original.handCount[1]);
        1:  119:    printf("Actual hand count = %d\n", S.handCount[1]);
        1:  120:	assertTrue(S_Original.handCount[1], S.handCount[1]);
        1:  121:	printf("\n");
        -:  122:	
        -:  123:
        1:  124:  	if (failCount) 
        -:  125:	{
        1:  126:        printf("\nTEST FAILED\n");
        1:  127:        printf("FAILS: %d\n\n",failCount);
        -:  128:    }
        -:  129:    else 
        -:  130:    {
    #####:  131:        printf("\nTEST SUCCESSFULLY COMPLETED\n\n");
        -:  132:    }
        -:  133:
        1:  134:	return 0;
        -:  135:}
