        -:    0:Source:dominion.c
        -:    0:Graph:dominion.gcno
        -:    0:Data:dominion.gcda
        -:    0:Runs:1
        -:    0:Programs:1
        -:    1:#include "dominion.h"
        -:    2:#include "dominion_helpers.h"
        -:    3:#include "rngs.h"
        -:    4:#include <stdio.h>
        -:    5:#include <math.h>
        -:    6:#include <stdlib.h>
        -:    7:
       30:    8:int compare(const void* a, const void* b) {
       30:    9:  if (*(int*)a > *(int*)b)
    #####:   10:    return 1;
       30:   11:  if (*(int*)a < *(int*)b)
        8:   12:    return -1;
       22:   13:  return 0;
        -:   14:}
        -:   15:
    #####:   16:struct gameState* newGame() {
    #####:   17:  struct gameState* g = malloc(sizeof(struct gameState));
    #####:   18:  return g;
        -:   19:}
        -:   20:
    #####:   21:int* kingdomCards(int k1, int k2, int k3, int k4, int k5, int k6, int k7,
        -:   22:		  int k8, int k9, int k10) {
    #####:   23:  int* k = malloc(10 * sizeof(int));
    #####:   24:  k[0] = k1;
    #####:   25:  k[1] = k2;
    #####:   26:  k[2] = k3;
    #####:   27:  k[3] = k4;
    #####:   28:  k[4] = k5;
    #####:   29:  k[5] = k6;
    #####:   30:  k[6] = k7;
    #####:   31:  k[7] = k8;
    #####:   32:  k[8] = k9;
    #####:   33:  k[9] = k10;
    #####:   34:  return k;
        -:   35:}
        -:   36:
        1:   37:int initializeGame(int numPlayers, int kingdomCards[10], int randomSeed,
        -:   38:		   struct gameState *state) {
        -:   39:
        -:   40:  int i;
        -:   41:  int j;
        -:   42:  int it;			
        -:   43:  //set up random number generator
        1:   44:  SelectStream(1);
        1:   45:  PutSeed((long)randomSeed);
        -:   46:  
        -:   47:  //check number of players
        1:   48:  if (numPlayers > MAX_PLAYERS || numPlayers < 2)
        -:   49:    {
    #####:   50:      return -1;
        -:   51:    }
        -:   52:
        -:   53:  //set number of players
        1:   54:  state->numPlayers = numPlayers;
        -:   55:
        -:   56:  //check selected kingdom cards are different
       11:   57:  for (i = 0; i < 10; i++)
        -:   58:    {
      110:   59:      for (j = 0; j < 10; j++)
        -:   60:        {
      100:   61:	  if (j != i && kingdomCards[j] == kingdomCards[i])
        -:   62:	    {
    #####:   63:	      return -1;
        -:   64:	    }
        -:   65:        }
        -:   66:    }
        -:   67:
        -:   68:
        -:   69:  //initialize supply
        -:   70:  ///////////////////////////////
        -:   71:
        -:   72:  //set number of Curse cards
        1:   73:  if (numPlayers == 2)
        -:   74:    {
        1:   75:      state->supplyCount[curse] = 10;
        -:   76:    }
    #####:   77:  else if (numPlayers == 3)
        -:   78:    {
    #####:   79:      state->supplyCount[curse] = 20;
        -:   80:    }
        -:   81:  else
        -:   82:    {
    #####:   83:      state->supplyCount[curse] = 30;
        -:   84:    }
        -:   85:
        -:   86:  //set number of Victory cards
        1:   87:  if (numPlayers == 2)
        -:   88:    {
        1:   89:      state->supplyCount[estate] = 8;
        1:   90:      state->supplyCount[duchy] = 8;
        1:   91:      state->supplyCount[province] = 8;
        -:   92:    }
        -:   93:  else
        -:   94:    {
    #####:   95:      state->supplyCount[estate] = 12;
    #####:   96:      state->supplyCount[duchy] = 12;
    #####:   97:      state->supplyCount[province] = 12;
        -:   98:    }
        -:   99:
        -:  100:  //set number of Treasure cards
        1:  101:  state->supplyCount[copper] = 60 - (7 * numPlayers);
        1:  102:  state->supplyCount[silver] = 40;
        1:  103:  state->supplyCount[gold] = 30;
        -:  104:
        -:  105:  //set number of Kingdom cards
       21:  106:  for (i = adventurer; i <= treasure_map; i++)       	//loop all cards
        -:  107:    {
      165:  108:      for (j = 0; j < 10; j++)           		//loop chosen cards
        -:  109:	{
      155:  110:	  if (kingdomCards[j] == i)
        -:  111:	    {
        -:  112:	      //check if card is a 'Victory' Kingdom card
       10:  113:	      if (kingdomCards[j] == great_hall || kingdomCards[j] == gardens)
        -:  114:		{
        4:  115:		  if (numPlayers == 2){ 
        2:  116:		    state->supplyCount[i] = 8; 
        -:  117:		  }
    #####:  118:		  else{ state->supplyCount[i] = 12; }
        -:  119:		}
        -:  120:	      else
        -:  121:		{
        8:  122:		  state->supplyCount[i] = 10;
        -:  123:		}
       10:  124:	      break;
        -:  125:	    }
        -:  126:	  else    //card is not in the set choosen for the game
        -:  127:	    {
      145:  128:	      state->supplyCount[i] = -1;
        -:  129:	    }
        -:  130:	}
        -:  131:
        -:  132:    }
        -:  133:
        -:  134:  ////////////////////////
        -:  135:  //supply intilization complete
        -:  136:
        -:  137:  //set player decks
        3:  138:  for (i = 0; i < numPlayers; i++)
        -:  139:    {
        2:  140:      state->deckCount[i] = 0;
        8:  141:      for (j = 0; j < 3; j++)
        -:  142:	{
        6:  143:	  state->deck[i][j] = estate;
        6:  144:	  state->deckCount[i]++;
        -:  145:	}
       16:  146:      for (j = 3; j < 10; j++)
        -:  147:	{
       14:  148:	  state->deck[i][j] = copper;
       14:  149:	  state->deckCount[i]++;		
        -:  150:	}
        -:  151:    }
        -:  152:
        -:  153:  //shuffle player decks
        3:  154:  for (i = 0; i < numPlayers; i++)
        -:  155:    {
        2:  156:      if ( shuffle(i, state) < 0 )
        -:  157:	{
    #####:  158:	  return -1;
        -:  159:	}
        -:  160:    }
        -:  161:
        -:  162:  //draw player hands
        3:  163:  for (i = 0; i < numPlayers; i++)
        -:  164:    {  
        -:  165:      //initialize hand size to zero
        2:  166:      state->handCount[i] = 0;
        2:  167:      state->discardCount[i] = 0;
        -:  168:      //draw 5 cards
        -:  169:      // for (j = 0; j < 5; j++)
        -:  170:      //	{
        -:  171:      //	  drawCard(i, state);
        -:  172:      //	}
        -:  173:    }
        -:  174:  
        -:  175:  //set embargo tokens to 0 for all supply piles
       28:  176:  for (i = 0; i <= treasure_map; i++)
        -:  177:    {
       27:  178:      state->embargoTokens[i] = 0;
        -:  179:    }
        -:  180:
        -:  181:  //initialize first player's turn
        1:  182:  state->outpostPlayed = 0;
        1:  183:  state->phase = 0;
        1:  184:  state->numActions = 1;
        1:  185:  state->numBuys = 1;
        1:  186:  state->playedCardCount = 0;
        1:  187:  state->whoseTurn = 0;
        1:  188:  state->handCount[state->whoseTurn] = 0;
        -:  189:  //int it; move to top
        -:  190:
        -:  191:  //Moved draw cards to here, only drawing at the start of a turn
        6:  192:  for (it = 0; it < 5; it++){
        5:  193:    drawCard(state->whoseTurn, state);
        -:  194:  }
        -:  195:
        1:  196:  updateCoins(state->whoseTurn, state, 0);
        -:  197:
        1:  198:  return 0;
        -:  199:}
        -:  200:
        2:  201:int shuffle(int player, struct gameState *state) {
        -:  202: 
        -:  203:
        -:  204:  int newDeck[MAX_DECK];
        2:  205:  int newDeckPos = 0;
        -:  206:  int card;
        -:  207:  int i;
        -:  208:
        2:  209:  if (state->deckCount[player] < 1)
    #####:  210:    return -1;
        2:  211:  qsort ((void*)(state->deck[player]), state->deckCount[player], sizeof(int), compare); 
        -:  212:  /* SORT CARDS IN DECK TO ENSURE DETERMINISM! */
        -:  213:
       24:  214:  while (state->deckCount[player] > 0) {
       20:  215:    card = floor(Random() * state->deckCount[player]);
       20:  216:    newDeck[newDeckPos] = state->deck[player][card];
       20:  217:    newDeckPos++;
       72:  218:    for (i = card; i < state->deckCount[player]-1; i++) {
       52:  219:      state->deck[player][i] = state->deck[player][i+1];
        -:  220:    }
       20:  221:    state->deckCount[player]--;
        -:  222:  }
       22:  223:  for (i = 0; i < newDeckPos; i++) {
       20:  224:    state->deck[player][i] = newDeck[i];
       20:  225:    state->deckCount[player]++;
        -:  226:  }
        -:  227:
        2:  228:  return 0;
        -:  229:}
        -:  230:
    #####:  231:int playCard(int handPos, int choice1, int choice2, int choice3, struct gameState *state) 
        -:  232:{	
        -:  233:  int card;
    #####:  234:  int coin_bonus = 0; 		//tracks coins gain from actions
        -:  235:
        -:  236:  //check if it is the right phase
    #####:  237:  if (state->phase != 0)
        -:  238:    {
    #####:  239:      return -1;
        -:  240:    }
        -:  241:	
        -:  242:  //check if player has enough actions
    #####:  243:  if ( state->numActions < 1 )
        -:  244:    {
    #####:  245:      return -1;
        -:  246:    }
        -:  247:	
        -:  248:  //get card played
    #####:  249:  card = handCard(handPos, state);
        -:  250:	
        -:  251:  //check if selected card is an action
    #####:  252:  if ( card < adventurer || card > treasure_map )
        -:  253:    {
    #####:  254:      return -1;
        -:  255:    }
        -:  256:	
        -:  257:  //play card
    #####:  258:  if ( cardEffect(card, choice1, choice2, choice3, state, handPos, &coin_bonus) < 0 )
        -:  259:    {
    #####:  260:      return -1;
        -:  261:    }
        -:  262:	
        -:  263:  //reduce number of actions
    #####:  264:  state->numActions--;
        -:  265:
        -:  266:  //update coins (Treasure cards may be added with card draws)
    #####:  267:  updateCoins(state->whoseTurn, state, coin_bonus);
        -:  268:	
    #####:  269:  return 0;
        -:  270:}
        -:  271:
    #####:  272:int buyCard(int supplyPos, struct gameState *state) {
        -:  273:  int who;
        -:  274:  if (DEBUG){
        -:  275:    printf("Entering buyCard...\n");
        -:  276:  }
        -:  277:
        -:  278:  // I don't know what to do about the phase thing.
        -:  279:
    #####:  280:  who = state->whoseTurn;
        -:  281:
    #####:  282:  if (state->numBuys < 1){
        -:  283:    if (DEBUG)
        -:  284:      printf("You do not have any buys left\n");
    #####:  285:    return -1;
    #####:  286:  } else if (supplyCount(supplyPos, state) <1){
        -:  287:    if (DEBUG)
        -:  288:      printf("There are not any of that type of card left\n");
    #####:  289:    return -1;
    #####:  290:  } else if (state->coins < getCost(supplyPos)){
        -:  291:    if (DEBUG) 
        -:  292:      printf("You do not have enough money to buy that. You have %d coins.\n", state->coins);
    #####:  293:    return -1;
        -:  294:  } else {
    #####:  295:    state->phase=1;
        -:  296:    //state->supplyCount[supplyPos]--;
    #####:  297:    gainCard(supplyPos, state, 0, who); //card goes in discard, this might be wrong.. (2 means goes into hand, 0 goes into discard)
        -:  298:  
    #####:  299:    state->coins = (state->coins) - (getCost(supplyPos));
    #####:  300:    state->numBuys--;
        -:  301:    if (DEBUG)
        -:  302:      printf("You bought card number %d for %d coins. You now have %d buys and %d coins.\n", supplyPos, getCost(supplyPos), state->numBuys, state->coins);
        -:  303:  }
        -:  304:
        -:  305:  //state->discard[who][state->discardCount[who]] = supplyPos;
        -:  306:  //state->discardCount[who]++;
        -:  307:    
    #####:  308:  return 0;
        -:  309:}
        -:  310:
    #####:  311:int numHandCards(struct gameState *state) {
    #####:  312:  return state->handCount[ whoseTurn(state) ];
        -:  313:}
        -:  314:
    #####:  315:int handCard(int handPos, struct gameState *state) {
    #####:  316:  int currentPlayer = whoseTurn(state);
    #####:  317:  return state->hand[currentPlayer][handPos];
        -:  318:}
        -:  319:
    #####:  320:int supplyCount(int card, struct gameState *state) {
    #####:  321:  return state->supplyCount[card];
        -:  322:}
        -:  323:
    #####:  324:int fullDeckCount(int player, int card, struct gameState *state) {
        -:  325:  int i;
    #####:  326:  int count = 0;
        -:  327:
    #####:  328:  for (i = 0; i < state->deckCount[player]; i++)
        -:  329:    {
    #####:  330:      if (state->deck[player][i] == card) count++;
        -:  331:    }
        -:  332:
    #####:  333:  for (i = 0; i < state->handCount[player]; i++)
        -:  334:    {
    #####:  335:      if (state->hand[player][i] == card) count++;
        -:  336:    }
        -:  337:
    #####:  338:  for (i = 0; i < state->discardCount[player]; i++)
        -:  339:    {
    #####:  340:      if (state->discard[player][i] == card) count++;
        -:  341:    }
        -:  342:
    #####:  343:  return count;
        -:  344:}
        -:  345:
        1:  346:int whoseTurn(struct gameState *state) {
        1:  347:  return state->whoseTurn;
        -:  348:}
        -:  349:
    #####:  350:int endTurn(struct gameState *state) {
        -:  351:  int k;
        -:  352:  int i;
    #####:  353:  int currentPlayer = whoseTurn(state);
        -:  354:  
        -:  355:  //Discard hand
    #####:  356:  for (i = 0; i < state->handCount[currentPlayer]; i++){
    #####:  357:    state->discard[currentPlayer][state->discardCount[currentPlayer]++] = state->hand[currentPlayer][i];//Discard
    #####:  358:    state->hand[currentPlayer][i] = -1;//Set card to -1
        -:  359:  }
    #####:  360:  state->handCount[currentPlayer] = 0;//Reset hand count
        -:  361:    
        -:  362:  //Code for determining the player
    #####:  363:  if (currentPlayer < (state->numPlayers - 1)){ 
    #####:  364:    state->whoseTurn = currentPlayer + 1;//Still safe to increment
        -:  365:  }
        -:  366:  else{
    #####:  367:    state->whoseTurn = 0;//Max player has been reached, loop back around to player 1
        -:  368:  }
        -:  369:
    #####:  370:  state->outpostPlayed = 0;
    #####:  371:  state->phase = 0;
    #####:  372:  state->numActions = 1;
    #####:  373:  state->coins = 0;
    #####:  374:  state->numBuys = 1;
    #####:  375:  state->playedCardCount = 0;
    #####:  376:  state->handCount[state->whoseTurn] = 0;
        -:  377:
        -:  378:  //int k; move to top
        -:  379:  //Next player draws hand
    #####:  380:  for (k = 0; k < 5; k++){
    #####:  381:    drawCard(state->whoseTurn, state);//Draw a card
        -:  382:  }
        -:  383:
        -:  384:  //Update money
    #####:  385:  updateCoins(state->whoseTurn, state , 0);
        -:  386:
    #####:  387:  return 0;
        -:  388:}
        -:  389:
    #####:  390:int isGameOver(struct gameState *state) {
        -:  391:  int i;
        -:  392:  int j;
        -:  393:	
        -:  394:  //if stack of Province cards is empty, the game ends
    #####:  395:  if (state->supplyCount[province] == 0)
        -:  396:    {
    #####:  397:      return 1;
        -:  398:    }
        -:  399:
        -:  400:  //if three supply pile are at 0, the game ends
    #####:  401:  j = 0;
    #####:  402:  for (i = 0; i < 25; i++)
        -:  403:    {
    #####:  404:      if (state->supplyCount[i] == 0)
        -:  405:	{
    #####:  406:	  j++;
        -:  407:	}
        -:  408:    }
    #####:  409:  if ( j >= 3)
        -:  410:    {
    #####:  411:      return 1;
        -:  412:    }
        -:  413:
    #####:  414:  return 0;
        -:  415:}
        -:  416:
    #####:  417:int scoreFor (int player, struct gameState *state) {
        -:  418:
        -:  419:  int i;
    #####:  420:  int score = 0;
        -:  421:  //score from hand
    #####:  422:  for (i = 0; i < state->handCount[player]; i++)
        -:  423:    {
    #####:  424:      if (state->hand[player][i] == curse) { score = score - 1; };
    #####:  425:      if (state->hand[player][i] == estate) { score = score + 1; };
    #####:  426:      if (state->hand[player][i] == duchy) { score = score + 3; };
    #####:  427:      if (state->hand[player][i] == province) { score = score + 6; };
    #####:  428:      if (state->hand[player][i] == great_hall) { score = score + 1; };
    #####:  429:      if (state->hand[player][i] == gardens) { score = score + ( fullDeckCount(player, 0, state) / 10 ); };
        -:  430:    }
        -:  431:
        -:  432:  //score from discard
    #####:  433:  for (i = 0; i < state->discardCount[player]; i++)
        -:  434:    {
    #####:  435:      if (state->discard[player][i] == curse) { score = score - 1; };
    #####:  436:      if (state->discard[player][i] == estate) { score = score + 1; };
    #####:  437:      if (state->discard[player][i] == duchy) { score = score + 3; };
    #####:  438:      if (state->discard[player][i] == province) { score = score + 6; };
    #####:  439:      if (state->discard[player][i] == great_hall) { score = score + 1; };
    #####:  440:      if (state->discard[player][i] == gardens) { score = score + ( fullDeckCount(player, 0, state) / 10 ); };
        -:  441:    }
        -:  442:
        -:  443:  //score from deck
    #####:  444:  for (i = 0; i < state->discardCount[player]; i++)
        -:  445:    {
    #####:  446:      if (state->deck[player][i] == curse) { score = score - 1; };
    #####:  447:      if (state->deck[player][i] == estate) { score = score + 1; };
    #####:  448:      if (state->deck[player][i] == duchy) { score = score + 3; };
    #####:  449:      if (state->deck[player][i] == province) { score = score + 6; };
    #####:  450:      if (state->deck[player][i] == great_hall) { score = score + 1; };
    #####:  451:      if (state->deck[player][i] == gardens) { score = score + ( fullDeckCount(player, 0, state) / 10 ); };
        -:  452:    }
        -:  453:
    #####:  454:  return score;
        -:  455:}
        -:  456:
    #####:  457:int getWinners(int players[MAX_PLAYERS], struct gameState *state) {
        -:  458:  int i;	
        -:  459:  int j;
        -:  460:  int highScore;
        -:  461:  int currentPlayer;
        -:  462:
        -:  463:  //get score for each player
    #####:  464:  for (i = 0; i < MAX_PLAYERS; i++)
        -:  465:    {
        -:  466:      //set unused player scores to -9999
    #####:  467:      if (i >= state->numPlayers)
        -:  468:	{
    #####:  469:	  players[i] = -9999;
        -:  470:	}
        -:  471:      else
        -:  472:	{
    #####:  473:	  players[i] = scoreFor (i, state);
        -:  474:	}
        -:  475:    }
        -:  476:
        -:  477:  //find highest score
    #####:  478:  j = 0;
    #####:  479:  for (i = 0; i < MAX_PLAYERS; i++)
        -:  480:    {
    #####:  481:      if (players[i] > players[j])
        -:  482:	{
    #####:  483:	  j = i;
        -:  484:	}
        -:  485:    }
    #####:  486:  highScore = players[j];
        -:  487:
        -:  488:  //add 1 to players who had less turns
    #####:  489:  currentPlayer = whoseTurn(state);
    #####:  490:  for (i = 0; i < MAX_PLAYERS; i++)
        -:  491:    {
    #####:  492:      if ( players[i] == highScore && i > currentPlayer )
        -:  493:	{
    #####:  494:	  players[i]++;
        -:  495:	}
        -:  496:    }
        -:  497:
        -:  498:  //find new highest score
    #####:  499:  j = 0;
    #####:  500:  for (i = 0; i < MAX_PLAYERS; i++)
        -:  501:    {
    #####:  502:      if ( players[i] > players[j] )
        -:  503:	{
    #####:  504:	  j = i;
        -:  505:	}
        -:  506:    }
    #####:  507:  highScore = players[j];
        -:  508:
        -:  509:  //set winners in array to 1 and rest to 0
    #####:  510:  for (i = 0; i < MAX_PLAYERS; i++)
        -:  511:    {
    #####:  512:      if ( players[i] == highScore )
        -:  513:	{
    #####:  514:	  players[i] = 1;
        -:  515:	}
        -:  516:      else
        -:  517:	{
    #####:  518:	  players[i] = 0;
        -:  519:	}
        -:  520:    }
        -:  521:
    #####:  522:  return 0;
        -:  523:}
        -:  524:
        6:  525:int drawCard(int player, struct gameState *state)
        -:  526:{	int count;
        -:  527:  int deckCounter;
        6:  528:  if (state->deckCount[player] <= 0){//Deck is empty
        -:  529:    
        -:  530:    //Step 1 Shuffle the discard pile back into a deck
        -:  531:    int i;
        -:  532:    //Move discard to deck
    #####:  533:    for (i = 0; i < state->discardCount[player];i++){
    #####:  534:      state->deck[player][i] = state->discard[player][i];
    #####:  535:      state->discard[player][i] = -1;
        -:  536:    }
        -:  537:
    #####:  538:    state->deckCount[player] = state->discardCount[player];
    #####:  539:    state->discardCount[player] = 0;//Reset discard
        -:  540:
        -:  541:    //Shufffle the deck
    #####:  542:    shuffle(player, state);//Shuffle the deck up and make it so that we can draw
        -:  543:   
        -:  544:    if (DEBUG){//Debug statements
        -:  545:      printf("Deck count now: %d\n", state->deckCount[player]);
        -:  546:    }
        -:  547:    
    #####:  548:    state->discardCount[player] = 0;
        -:  549:
        -:  550:    //Step 2 Draw Card
    #####:  551:    count = state->handCount[player];//Get current player's hand count
        -:  552:    
        -:  553:    if (DEBUG){//Debug statements
        -:  554:      printf("Current hand count: %d\n", count);
        -:  555:    }
        -:  556:    
    #####:  557:    deckCounter = state->deckCount[player];//Create a holder for the deck count
        -:  558:
    #####:  559:    if (deckCounter == 0)
    #####:  560:      return -1;
        -:  561:
    #####:  562:    state->hand[player][count] = state->deck[player][deckCounter - 1];//Add card to hand
    #####:  563:    state->deckCount[player]--;
    #####:  564:    state->handCount[player]++;//Increment hand count
        -:  565:  }
        -:  566:
        -:  567:  else{
        6:  568:    int count = state->handCount[player];//Get current hand count for player
        -:  569:    int deckCounter;
        -:  570:    if (DEBUG){//Debug statements
        -:  571:      printf("Current hand count: %d\n", count);
        -:  572:    }
        -:  573:
        6:  574:    deckCounter = state->deckCount[player];//Create holder for the deck count
        6:  575:    state->hand[player][count] = state->deck[player][deckCounter - 1];//Add card to the hand
        6:  576:    state->deckCount[player]--;
        6:  577:    state->handCount[player]++;//Increment hand count
        -:  578:  }
        -:  579:
        6:  580:  return 0;
        -:  581:}
        -:  582:
    #####:  583:int getCost(int cardNumber)
        -:  584:{
    #####:  585:  switch( cardNumber ) 
        -:  586:    {
        -:  587:    case curse:
    #####:  588:      return 0;
        -:  589:    case estate:
    #####:  590:      return 2;
        -:  591:    case duchy:
    #####:  592:      return 5;
        -:  593:    case province:
    #####:  594:      return 8;
        -:  595:    case copper:
    #####:  596:      return 0;
        -:  597:    case silver:
    #####:  598:      return 3;
        -:  599:    case gold:
    #####:  600:      return 6;
        -:  601:    case adventurer:
    #####:  602:      return 6;
        -:  603:    case council_room:
    #####:  604:      return 5;
        -:  605:    case feast:
    #####:  606:      return 4;
        -:  607:    case gardens:
    #####:  608:      return 4;
        -:  609:    case mine:
    #####:  610:      return 5;
        -:  611:    case remodel:
    #####:  612:      return 4;
        -:  613:    case smithy:
    #####:  614:      return 4;
        -:  615:    case village:
    #####:  616:      return 3;
        -:  617:    case baron:
    #####:  618:      return 4;
        -:  619:    case great_hall:
    #####:  620:      return 3;
        -:  621:    case minion:
    #####:  622:      return 5;
        -:  623:    case steward:
    #####:  624:      return 3;
        -:  625:    case tribute:
    #####:  626:      return 5;
        -:  627:    case ambassador:
    #####:  628:      return 3;
        -:  629:    case cutpurse:
    #####:  630:      return 4;
        -:  631:    case embargo: 
    #####:  632:      return 2;
        -:  633:    case outpost:
    #####:  634:      return 5;
        -:  635:    case salvager:
    #####:  636:      return 4;
        -:  637:    case sea_hag:
    #####:  638:      return 4;
        -:  639:    case treasure_map:
    #####:  640:      return 4;
        -:  641:    }
        -:  642:	
    #####:  643:  return -1;
        -:  644:}
        -:  645:
        -:  646://////////////////////////////////////////////////////////////
        -:  647:// Assignment 2 - Refractored card effects
        -:  648:// Introducing bugs
        -:  649://////////////////////////////////////////////////////////////
        -:  650:
    #####:  651:void adventurerCardEffect(int currentPlayer, int temphand[], int z, struct gameState *state)
        -:  652:{
        -:  653:
        -:  654:  //intitialize the variables that are needed for this function
        -:  655:  int drawntreasure;
        -:  656:  int cardDrawn;
        -:  657:
    #####:  658:  while(drawntreasure < 2){
        -:  659:    
    #####:  660:    if (state->deckCount[currentPlayer] <1){//if the deck is empty we need to shuffle discard and add to deck
        -:  661:      
    #####:  662:      shuffle(currentPlayer, state);
        -:  663:
        -:  664:    }
        -:  665:
    #####:  666:    drawCard(currentPlayer, state);
    #####:  667:    cardDrawn = state->hand[currentPlayer][state->handCount[currentPlayer]-1];//top card of hand is most recently drawn card.
        -:  668:
    #####:  669:    if (cardDrawn == copper || cardDrawn == silver || cardDrawn == gold)
    #####:  670:      drawntreasure++;
        -:  671:
        -:  672:    /////////////////////////////////////////////////////////////////
        -:  673:    // BUG #1 - Instead of removing cards that were revealed. All 
        -:  674:    // cards revealed go to the hand and stay there until the current 
        -:  675:    // players turn is over or are used.
        -:  676:    /////////////////////////////////////////////////////////////////
        -:  677:
        -:  678:    /*
        -:  679:    else{
        -:  680:
        -:  681:      temphand[z]=cardDrawn;
        -:  682:      state->handCount[currentPlayer]--; //this should just remove the top card (the most recently drawn one).
        -:  683:      z++;
        -:  684:
        -:  685:    }
        -:  686:    */
        -:  687:
        -:  688:  }
        -:  689:
        -:  690:  /*
        -:  691:  while(z-1>=0){
        -:  692:
        -:  693:    state->discard[currentPlayer][state->discardCount[currentPlayer]++]=temphand[z-1]; // discard all cards in play that have been drawn
        -:  694:    z=z-1;
        -:  695:
        -:  696:  }
        -:  697:  */
        -:  698:
    #####:  699:}
        -:  700:
    #####:  701:void council_roomCardEffect(int currentPlayer, int handPos, struct gameState *state)
        -:  702:{
        -:  703:  
        -:  704:  int i;
        -:  705:
        -:  706:  /////////////////////////////////////////////////////////////////
        -:  707:  // BUG #2 - The player will draw 6 cards instead of 4
        -:  708:  /////////////////////////////////////////////////////////////////
        -:  709:
        -:  710:  //+4 Cards
    #####:  711:  for (i = 0; i < 6; i++)
        -:  712:    {
    #####:  713:      drawCard(currentPlayer, state);
        -:  714:    }
        -:  715:  
        -:  716:  //+1 Buy
    #####:  717:  state->numBuys++;
        -:  718:  
        -:  719:  //Each other player draws a card
    #####:  720:  for (i = 0; i < state->numPlayers; i++)
        -:  721:  {
    #####:  722:    if ( i != currentPlayer )
        -:  723:      {
    #####:  724:        drawCard(i, state);
        -:  725:      }
        -:  726:  }
        -:  727:  
        -:  728:  //put played card in played card pile
    #####:  729:  discardCard(handPos, currentPlayer, state, 0);
        -:  730:      
    #####:  731:}
        -:  732:
    #####:  733:int mineCardEffect(int currentPlayer, int choice1, int choice2, int handPos, struct gameState *state)
        -:  734:{
        -:  735:  
        -:  736:  int j;
        -:  737:  int i;
        -:  738:
    #####:  739:  j = state->hand[currentPlayer][choice1];  //store card we will trash
        -:  740:
    #####:  741:  if (state->hand[currentPlayer][choice1] < copper || state->hand[currentPlayer][choice1] > gold)
        -:  742:  {
    #####:  743:    return -1;
        -:  744:  }
        -:  745:
    #####:  746:  if (choice2 > treasure_map || choice2 < curse)
        -:  747:  {
    #####:  748:    return -1;
        -:  749:  }
        -:  750:
    #####:  751:  if ( (getCost(state->hand[currentPlayer][choice1]) + 3) > getCost(choice2) )
        -:  752:  {
    #####:  753:    return -1;
        -:  754:  }
        -:  755:
    #####:  756:  gainCard(choice2, state, 2, currentPlayer);
        -:  757:
        -:  758:  /////////////////////////////////////////////////////////////////
        -:  759:  // BUG #3 - This card will not be discarded from the hand after 
        -:  760:  // choices are made 
        -:  761:  /////////////////////////////////////////////////////////////////
        -:  762:
        -:  763:  //discard card from hand
        -:  764:  //discardCard(handPos, currentPlayer, state, 0);
        -:  765:
        -:  766:  //discard trashed card
    #####:  767:  for (i = 0; i < state->handCount[currentPlayer]; i++)
        -:  768:  {
    #####:  769:    if (state->hand[currentPlayer][i] == j)
        -:  770:      {
    #####:  771:        discardCard(i, currentPlayer, state, 0);      
    #####:  772:        break;
        -:  773:      }
        -:  774:  }
        -:  775:
    #####:  776:  return 0;
        -:  777:}
        -:  778:
    #####:  779:void smithyCardEffect(int currentPlayer, int handPos, struct gameState *state)
        -:  780:{
        -:  781:
        -:  782:  int i;
        -:  783:
        -:  784:  ////////////////////////////////////////////////////////////////////
        -:  785:  // BUG #4 - The player will not draw any cards instead of drawing 3
        -:  786:  ////////////////////////////////////////////////////////////////////
        -:  787:
        -:  788:  //+3 Cards
    #####:  789:  for (i = 0; i < 0; i++)
        -:  790:  {
    #####:  791:    drawCard(currentPlayer, state);
        -:  792:  }
        -:  793:  
        -:  794:  //discard card from hand
    #####:  795:  discardCard(handPos, currentPlayer, state, 0);
        -:  796:
    #####:  797:}
        -:  798:
        1:  799:void great_hallCardEffect(int currentPlayer, int handPos, struct gameState *state)
        -:  800:{
        -:  801:  //+1 Card
        1:  802:  drawCard(currentPlayer, state);
        -:  803:  
        -:  804:  //+1 Actions
        1:  805:  state->numActions++;
        -:  806:  
        -:  807:  //discard card from hand
        1:  808:  discardCard(handPos, currentPlayer, state, 0);
        -:  809:
        1:  810:}
        -:  811:
        -:  812:
        1:  813:int cardEffect(int card, int choice1, int choice2, int choice3, struct gameState *state, int handPos, int *bonus)
        -:  814:{
        -:  815:  int i;
        -:  816:  int j;
        -:  817:  int k;
        -:  818:  int x;
        -:  819:  int index;
        1:  820:  int currentPlayer = whoseTurn(state);
        1:  821:  int nextPlayer = currentPlayer + 1;
        -:  822:
        1:  823:  int tributeRevealedCards[2] = {-1, -1};
        -:  824:  int temphand[MAX_HAND];// moved above the if statement
        -:  825:  //int drawntreasure=0;
        -:  826:  //int cardDrawn;
        1:  827:  int z = 0;// this is the counter for the temp hand
        1:  828:  if (nextPlayer > (state->numPlayers - 1)){
    #####:  829:    nextPlayer = 0;
        -:  830:  }
        -:  831:  
        -:  832:	
        -:  833:  //uses switch to select card and perform actions
        1:  834:  switch( card ) 
        -:  835:  {
        -:  836:    case adventurer:
        -:  837:      
    #####:  838:      adventurerCardEffect(currentPlayer, temphand, z, state);
    #####:  839:      return 0;
        -:  840:
        -:  841:    case council_room:
        -:  842:     
    #####:  843:		  council_roomCardEffect(currentPlayer, handPos, state);	
    #####:  844:      return 0;
        -:  845:			
        -:  846:    case feast:
        -:  847:      //gain card with cost up to 5
        -:  848:      //Backup hand
    #####:  849:      for (i = 0; i <= state->handCount[currentPlayer]; i++){
    #####:  850:      	temphand[i] = state->hand[currentPlayer][i];//Backup card
    #####:  851:      	state->hand[currentPlayer][i] = -1;//Set to nothing
        -:  852:      }
        -:  853:      //Backup hand
        -:  854:
        -:  855:      //Update Coins for Buy
    #####:  856:      updateCoins(currentPlayer, state, 5);
    #####:  857:      x = 1;//Condition to loop on
    #####:  858:      while( x == 1) {//Buy one card
    #####:  859:      	if (supplyCount(choice1, state) <= 0){
        -:  860:      	  if (DEBUG)
        -:  861:      	    printf("None of that card left, sorry!\n");
        -:  862:
        -:  863:      	  if (DEBUG){
        -:  864:      	    printf("Cards Left: %d\n", supplyCount(choice1, state));
        -:  865:      	  }
        -:  866:      	}
    #####:  867:      	else if (state->coins < getCost(choice1)){
    #####:  868:      	  printf("That card is too expensive!\n");
        -:  869:
        -:  870:      	  if (DEBUG){
        -:  871:      	    printf("Coins: %d < %d\n", state->coins, getCost(choice1));
        -:  872:      	  }
        -:  873:      	}
        -:  874:      	else{
        -:  875:
        -:  876:      	  if (DEBUG){
        -:  877:      	    printf("Deck Count: %d\n", state->handCount[currentPlayer] + state->deckCount[currentPlayer] + state->discardCount[currentPlayer]);
        -:  878:      	  }
        -:  879:
    #####:  880:      	  gainCard(choice1, state, 0, currentPlayer);//Gain the card
    #####:  881:      	  x = 0;//No more buying cards
        -:  882:
        -:  883:      	  if (DEBUG){
        -:  884:      	    printf("Deck Count: %d\n", state->handCount[currentPlayer] + state->deckCount[currentPlayer] + state->discardCount[currentPlayer]);
        -:  885:      	  }
        -:  886:
        -:  887:      	}
        -:  888:      }     
        -:  889:
        -:  890:      //Reset Hand
    #####:  891:      for (i = 0; i <= state->handCount[currentPlayer]; i++){
    #####:  892:      	state->hand[currentPlayer][i] = temphand[i];
    #####:  893:      	temphand[i] = -1;
        -:  894:      }
        -:  895:      //Reset Hand
        -:  896:      			
    #####:  897:      return 0;
        -:  898:			
        -:  899:    case gardens:
    #####:  900:      return -1;
        -:  901:			
        -:  902:    case mine:			
    #####:  903:      return mineCardEffect(currentPlayer, choice1, choice2, handPos, state);
        -:  904:			
        -:  905:    case remodel:
    #####:  906:      j = state->hand[currentPlayer][choice1];  //store card we will trash
        -:  907:
    #####:  908:      if ( (getCost(state->hand[currentPlayer][choice1]) + 2) > getCost(choice2) )
        -:  909:    	{
    #####:  910:    	  return -1;
        -:  911:    	}
        -:  912:
    #####:  913:      gainCard(choice2, state, 0, currentPlayer);
        -:  914:
        -:  915:      //discard card from hand
    #####:  916:      discardCard(handPos, currentPlayer, state, 0);
        -:  917:
        -:  918:      //discard trashed card
    #####:  919:      for (i = 0; i < state->handCount[currentPlayer]; i++)
        -:  920:    	{
    #####:  921:    	  if (state->hand[currentPlayer][i] == j)
        -:  922:    	    {
    #####:  923:    	      discardCard(i, currentPlayer, state, 0);			
    #####:  924:    	      break;
        -:  925:    	    }
        -:  926:    	}
        -:  927:
        -:  928:
    #####:  929:      return 0;
        -:  930:		
        -:  931:    case smithy:
        -:  932:      
    #####:  933:      smithyCardEffect(currentPlayer, handPos, state);
    #####:  934:      return 0;
        -:  935:		
        -:  936:    case village:
        -:  937:      //+1 Card
    #####:  938:      drawCard(currentPlayer, state);
        -:  939:			
        -:  940:      //+2 Actions
    #####:  941:      state->numActions = state->numActions + 2;
        -:  942:			
        -:  943:      //discard played card from hand
    #####:  944:      discardCard(handPos, currentPlayer, state, 0);
    #####:  945:      return 0;
        -:  946:		
        -:  947:    case baron:
    #####:  948:      state->numBuys++;//Increase buys by 1!
    #####:  949:      if (choice1 > 0){//Boolean true or going to discard an estate
    #####:  950:    	int p = 0;//Iterator for hand!
    #####:  951:    	int card_not_discarded = 1;//Flag for discard set!
    #####:  952:      	while(card_not_discarded){
    #####:  953:      	  if (state->hand[currentPlayer][p] == estate){//Found an estate card!
    #####:  954:      	    state->coins += 4;//Add 4 coins to the amount of coins
    #####:  955:      	    state->discard[currentPlayer][state->discardCount[currentPlayer]] = state->hand[currentPlayer][p];
    #####:  956:      	    state->discardCount[currentPlayer]++;
    #####:  957:      	    for (;p < state->handCount[currentPlayer]; p++){
    #####:  958:      	      state->hand[currentPlayer][p] = state->hand[currentPlayer][p+1];
        -:  959:      	    }
    #####:  960:      	    state->hand[currentPlayer][state->handCount[currentPlayer]] = -1;
    #####:  961:      	    state->handCount[currentPlayer]--;
    #####:  962:      	    card_not_discarded = 0;//Exit the loop
        -:  963:      	  }
    #####:  964:      	  else if (p > state->handCount[currentPlayer]){
        -:  965:      	    if(DEBUG) {
        -:  966:      	      printf("No estate cards in your hand, invalid choice\n");
        -:  967:      	      printf("Must gain an estate if there are any\n");
        -:  968:      	    }
    #####:  969:      	    if (supplyCount(estate, state) > 0){
    #####:  970:      	      gainCard(estate, state, 0, currentPlayer);
    #####:  971:      	      state->supplyCount[estate]--;//Decrement estates
    #####:  972:      	      if (supplyCount(estate, state) == 0){
    #####:  973:      		      isGameOver(state);
        -:  974:      	      }
        -:  975:      	    }
    #####:  976:      	    card_not_discarded = 0;//Exit the loop
        -:  977:      	  }
        -:  978:      	  else{
    #####:  979:      	    p++;//Next card
        -:  980:      	  }
        -:  981:      	}
        -:  982:    }
        -:  983:			    
        -:  984:      else{
    #####:  985:	if (supplyCount(estate, state) > 0){
    #####:  986:	  gainCard(estate, state, 0, currentPlayer);//Gain an estate
    #####:  987:	  state->supplyCount[estate]--;//Decrement Estates
    #####:  988:	  if (supplyCount(estate, state) == 0){
    #####:  989:	    isGameOver(state);
        -:  990:	  }
        -:  991:	}
        -:  992:      }
        -:  993:	    
        -:  994:      
    #####:  995:      return 0;
        -:  996:		
        -:  997:    case great_hall:
        -:  998:
        1:  999:      great_hallCardEffect(currentPlayer, handPos, state);
        1: 1000:      return 0;
        -: 1001:		
        -: 1002:    case minion:
        -: 1003:      //+1 action
    #####: 1004:      state->numActions++;
        -: 1005:			
        -: 1006:      //discard card from hand
    #####: 1007:      discardCard(handPos, currentPlayer, state, 0);
        -: 1008:			
    #####: 1009:      if (choice1)		//+2 coins
        -: 1010:    	{
    #####: 1011:    	  state->coins = state->coins + 2;
        -: 1012:    	}
        -: 1013:			
    #####: 1014:      else if (choice2)		//discard hand, redraw 4, other players with 5+ cards discard hand and draw 4
        -: 1015:	   {
        -: 1016:    	  //discard hand
    #####: 1017:    	  while(numHandCards(state) > 0)
        -: 1018:    	    {
    #####: 1019:    	      discardCard(handPos, currentPlayer, state, 0);
        -: 1020:    	    }
        -: 1021:    				
        -: 1022:    	  //draw 4
    #####: 1023:    	  for (i = 0; i < 4; i++)
        -: 1024:    	    {
    #####: 1025:    	      drawCard(currentPlayer, state);
        -: 1026:    	    }
        -: 1027:    				
        -: 1028:    	  //other players discard hand and redraw if hand size > 4
    #####: 1029:    	  for (i = 0; i < state->numPlayers; i++)
        -: 1030:    	    {
    #####: 1031:    	      if (i != currentPlayer)
        -: 1032:    		{
    #####: 1033:    		  if ( state->handCount[i] > 4 )
        -: 1034:    		    {
        -: 1035:    		      //discard hand
    #####: 1036:    		      while( state->handCount[i] > 0 )
        -: 1037:    			{
    #####: 1038:    			  discardCard(handPos, i, state, 0);
        -: 1039:    			}
        -: 1040:    							
        -: 1041:    		      //draw 4
    #####: 1042:    		      for (j = 0; j < 4; j++)
        -: 1043:    			{
    #####: 1044:    			  drawCard(i, state);
        -: 1045:    			}
        -: 1046:    		    }
        -: 1047:    		}
        -: 1048:	    }
        -: 1049:				
        -: 1050:	}
    #####: 1051:      return 0;
        -: 1052:		
        -: 1053:    case steward:
    #####: 1054:      if (choice1 == 1)
        -: 1055:	{
        -: 1056:	  //+2 cards
    #####: 1057:	  drawCard(currentPlayer, state);
    #####: 1058:	  drawCard(currentPlayer, state);
        -: 1059:	}
    #####: 1060:      else if (choice1 == 2)
        -: 1061:	{
        -: 1062:	  //+2 coins
    #####: 1063:	  state->coins = state->coins + 2;
        -: 1064:	}
        -: 1065:      else
        -: 1066:	{
        -: 1067:	  //trash 2 cards in hand
    #####: 1068:	  discardCard(choice2, currentPlayer, state, 1);
    #####: 1069:	  discardCard(choice3, currentPlayer, state, 1);
        -: 1070:	}
        -: 1071:			
        -: 1072:      //discard card from hand
    #####: 1073:      discardCard(handPos, currentPlayer, state, 0);
    #####: 1074:      return 0;
        -: 1075:		
        -: 1076:    case tribute:
    #####: 1077:      if ((state->discardCount[nextPlayer] + state->deckCount[nextPlayer]) <= 1){
    #####: 1078:	if (state->deckCount[nextPlayer] > 0){
    #####: 1079:	  tributeRevealedCards[0] = state->deck[nextPlayer][state->deckCount[nextPlayer]-1];
    #####: 1080:	  state->deckCount[nextPlayer]--;
        -: 1081:	}
    #####: 1082:	else if (state->discardCount[nextPlayer] > 0){
    #####: 1083:	  tributeRevealedCards[0] = state->discard[nextPlayer][state->discardCount[nextPlayer]-1];
    #####: 1084:	  state->discardCount[nextPlayer]--;
        -: 1085:	}
        -: 1086:	else{
        -: 1087:	  //No Card to Reveal
        -: 1088:	  if (DEBUG){
        -: 1089:	    printf("No cards to reveal\n");
        -: 1090:	  }
        -: 1091:	}
        -: 1092:      }
        -: 1093:	    
        -: 1094:      else{
    #####: 1095:	if (state->deckCount[nextPlayer] == 0){
    #####: 1096:	  for (i = 0; i < state->discardCount[nextPlayer]; i++){
    #####: 1097:	    state->deck[nextPlayer][i] = state->discard[nextPlayer][i];//Move to deck
    #####: 1098:	    state->deckCount[nextPlayer]++;
    #####: 1099:	    state->discard[nextPlayer][i] = -1;
    #####: 1100:	    state->discardCount[nextPlayer]--;
        -: 1101:	  }
        -: 1102:			    
    #####: 1103:	  shuffle(nextPlayer,state);//Shuffle the deck
        -: 1104:	} 
    #####: 1105:	tributeRevealedCards[0] = state->deck[nextPlayer][state->deckCount[nextPlayer]-1];
    #####: 1106:	state->deck[nextPlayer][state->deckCount[nextPlayer]--] = -1;
    #####: 1107:	state->deckCount[nextPlayer]--;
    #####: 1108:	tributeRevealedCards[1] = state->deck[nextPlayer][state->deckCount[nextPlayer]-1];
    #####: 1109:	state->deck[nextPlayer][state->deckCount[nextPlayer]--] = -1;
    #####: 1110:	state->deckCount[nextPlayer]--;
        -: 1111:      }    
        -: 1112:		       
    #####: 1113:      if (tributeRevealedCards[0] == tributeRevealedCards[1]){//If we have a duplicate card, just drop one 
    #####: 1114:	state->playedCards[state->playedCardCount] = tributeRevealedCards[1];
    #####: 1115:	state->playedCardCount++;
    #####: 1116:	tributeRevealedCards[1] = -1;
        -: 1117:      }
        -: 1118:
    #####: 1119:      for (i = 0; i <= 2; i ++){
    #####: 1120:	if (tributeRevealedCards[i] == copper || tributeRevealedCards[i] == silver || tributeRevealedCards[i] == gold){//Treasure cards
    #####: 1121:	  state->coins += 2;
        -: 1122:	}
        -: 1123:		    
    #####: 1124:	else if (tributeRevealedCards[i] == estate || tributeRevealedCards[i] == duchy || tributeRevealedCards[i] == province || tributeRevealedCards[i] == gardens || tributeRevealedCards[i] == great_hall){//Victory Card Found
    #####: 1125:	  drawCard(currentPlayer, state);
    #####: 1126:	  drawCard(currentPlayer, state);
        -: 1127:	}
        -: 1128:	else{//Action Card
    #####: 1129:	  state->numActions = state->numActions + 2;
        -: 1130:	}
        -: 1131:      }
        -: 1132:	    
    #####: 1133:      return 0;
        -: 1134:		
        -: 1135:    case ambassador:
    #####: 1136:      j = 0;		//used to check if player has enough cards to discard
        -: 1137:
    #####: 1138:      if (choice2 > 2 || choice2 < 0)
        -: 1139:	{
    #####: 1140:	  return -1;				
        -: 1141:	}
        -: 1142:
    #####: 1143:      if (choice1 == handPos)
        -: 1144:	{
    #####: 1145:	  return -1;
        -: 1146:	}
        -: 1147:
    #####: 1148:      for (i = 0; i < state->handCount[currentPlayer]; i++)
        -: 1149:	{
    #####: 1150:	  if (i != handPos && i == state->hand[currentPlayer][choice1] && i != choice1)
        -: 1151:	    {
    #####: 1152:	      j++;
        -: 1153:	    }
        -: 1154:	}
    #####: 1155:      if (j < choice2)
        -: 1156:	{
    #####: 1157:	  return -1;				
        -: 1158:	}
        -: 1159:
        -: 1160:      if (DEBUG) 
        -: 1161:	printf("Player %d reveals card number: %d\n", currentPlayer, state->hand[currentPlayer][choice1]);
        -: 1162:
        -: 1163:      //increase supply count for choosen card by amount being discarded
    #####: 1164:      state->supplyCount[state->hand[currentPlayer][choice1]] += choice2;
        -: 1165:			
        -: 1166:      //each other player gains a copy of revealed card
    #####: 1167:      for (i = 0; i < state->numPlayers; i++)
        -: 1168:	{
    #####: 1169:	  if (i != currentPlayer)
        -: 1170:	    {
    #####: 1171:	      gainCard(state->hand[currentPlayer][choice1], state, 0, i);
        -: 1172:	    }
        -: 1173:	}
        -: 1174:
        -: 1175:      //discard played card from hand
    #####: 1176:      discardCard(handPos, currentPlayer, state, 0);			
        -: 1177:
        -: 1178:      //trash copies of cards returned to supply
    #####: 1179:      for (j = 0; j < choice2; j++)
        -: 1180:	{
    #####: 1181:	  for (i = 0; i < state->handCount[currentPlayer]; i++)
        -: 1182:	    {
    #####: 1183:	      if (state->hand[currentPlayer][i] == state->hand[currentPlayer][choice1])
        -: 1184:		{
    #####: 1185:		  discardCard(i, currentPlayer, state, 1);
    #####: 1186:		  break;
        -: 1187:		}
        -: 1188:	    }
        -: 1189:	}			
        -: 1190:
    #####: 1191:      return 0;
        -: 1192:		
        -: 1193:    case cutpurse:
        -: 1194:
    #####: 1195:      updateCoins(currentPlayer, state, 2);
    #####: 1196:      for (i = 0; i < state->numPlayers; i++)
        -: 1197:	{
    #####: 1198:	  if (i != currentPlayer)
        -: 1199:	    {
    #####: 1200:	      for (j = 0; j < state->handCount[i]; j++)
        -: 1201:		{
    #####: 1202:		  if (state->hand[i][j] == copper)
        -: 1203:		    {
    #####: 1204:		      discardCard(j, i, state, 0);
    #####: 1205:		      break;
        -: 1206:		    }
    #####: 1207:		  if (j == state->handCount[i])
        -: 1208:		    {
    #####: 1209:		      for (k = 0; k < state->handCount[i]; k++)
        -: 1210:			{
        -: 1211:			  if (DEBUG)
        -: 1212:			    printf("Player %d reveals card number %d\n", i, state->hand[i][k]);
        -: 1213:			}	
    #####: 1214:		      break;
        -: 1215:		    }		
        -: 1216:		}
        -: 1217:					
        -: 1218:	    }
        -: 1219:				
        -: 1220:	}				
        -: 1221:
        -: 1222:      //discard played card from hand
    #####: 1223:      discardCard(handPos, currentPlayer, state, 0);			
        -: 1224:
    #####: 1225:      return 0;
        -: 1226:
        -: 1227:		
        -: 1228:    case embargo: 
        -: 1229:      //+2 Coins
    #####: 1230:      state->coins = state->coins + 2;
        -: 1231:			
        -: 1232:      //see if selected pile is in play
    #####: 1233:      if ( state->supplyCount[choice1] == -1 )
        -: 1234:	{
    #####: 1235:	  return -1;
        -: 1236:	}
        -: 1237:			
        -: 1238:      //add embargo token to selected supply pile
    #####: 1239:      state->embargoTokens[choice1]++;
        -: 1240:			
        -: 1241:      //trash card
    #####: 1242:      discardCard(handPos, currentPlayer, state, 1);		
    #####: 1243:      return 0;
        -: 1244:		
        -: 1245:    case outpost:
        -: 1246:      //set outpost flag
    #####: 1247:      state->outpostPlayed++;
        -: 1248:			
        -: 1249:      //discard card
    #####: 1250:      discardCard(handPos, currentPlayer, state, 0);
    #####: 1251:      return 0;
        -: 1252:		
        -: 1253:    case salvager:
        -: 1254:      //+1 buy
    #####: 1255:      state->numBuys++;
        -: 1256:			
    #####: 1257:      if (choice1)
        -: 1258:	{
        -: 1259:	  //gain coins equal to trashed card
    #####: 1260:	  state->coins = state->coins + getCost( handCard(choice1, state) );
        -: 1261:	  //trash card
    #####: 1262:	  discardCard(choice1, currentPlayer, state, 1);	
        -: 1263:	}
        -: 1264:			
        -: 1265:      //discard card
    #####: 1266:      discardCard(handPos, currentPlayer, state, 0);
    #####: 1267:      return 0;
        -: 1268:		
        -: 1269:    case sea_hag:
    #####: 1270:      for (i = 0; i < state->numPlayers; i++){
    #####: 1271:      	if (i != currentPlayer){
    #####: 1272:      	  state->discard[i][state->discardCount[i]] = state->deck[i][state->deckCount[i]--];			    state->deckCount[i]--;
    #####: 1273:      	  state->discardCount[i]++;
    #####: 1274:      	  state->deck[i][state->deckCount[i]--] = curse;//Top card now a curse
        -: 1275:      	}
        -: 1276:      }
    #####: 1277:      return 0;
        -: 1278:		
        -: 1279:    case treasure_map:
        -: 1280:      //search hand for another treasure_map
    #####: 1281:      index = -1;
    #####: 1282:      for (i = 0; i < state->handCount[currentPlayer]; i++)
        -: 1283:	{
    #####: 1284:	  if (state->hand[currentPlayer][i] == treasure_map && i != handPos)
        -: 1285:	    {
    #####: 1286:	      index = i;
    #####: 1287:	      break;
        -: 1288:	    }
        -: 1289:	}
    #####: 1290:      if (index > -1)
        -: 1291:	{
        -: 1292:	  //trash both treasure cards
    #####: 1293:	  discardCard(handPos, currentPlayer, state, 1);
    #####: 1294:	  discardCard(index, currentPlayer, state, 1);
        -: 1295:
        -: 1296:	  //gain 4 Gold cards
    #####: 1297:	  for (i = 0; i < 4; i++)
        -: 1298:	    {
    #####: 1299:	      gainCard(gold, state, 1, currentPlayer);
        -: 1300:	    }
        -: 1301:				
        -: 1302:	  //return success
    #####: 1303:	  return 1;
        -: 1304:	}
        -: 1305:			
        -: 1306:      //no second treasure_map found in hand
    #####: 1307:      return -1;
        -: 1308:    }
        -: 1309:	
    #####: 1310:  return -1;
        -: 1311:}
        -: 1312:
        1: 1313:int discardCard(int handPos, int currentPlayer, struct gameState *state, int trashFlag)
        -: 1314:{
        -: 1315:	
        -: 1316:  //if card is not trashed, added to Played pile 
        1: 1317:  if (trashFlag < 1)
        -: 1318:    {
        -: 1319:      //add card to played pile
        1: 1320:      state->playedCards[state->playedCardCount] = state->hand[currentPlayer][handPos]; 
        1: 1321:      state->playedCardCount++;
        -: 1322:    }
        -: 1323:	
        -: 1324:  //set played card to -1
        1: 1325:  state->hand[currentPlayer][handPos] = -1;
        -: 1326:	
        -: 1327:  //remove card from player's hand
        1: 1328:  if ( handPos == (state->handCount[currentPlayer] - 1) ) 	//last card in hand array is played
        -: 1329:    {
        -: 1330:      //reduce number of cards in hand
    #####: 1331:      state->handCount[currentPlayer]--;
        -: 1332:    }
        1: 1333:  else if ( state->handCount[currentPlayer] == 1 ) //only one card in hand
        -: 1334:    {
        -: 1335:      //reduce number of cards in hand
    #####: 1336:      state->handCount[currentPlayer]--;
        -: 1337:    }
        -: 1338:  else 	
        -: 1339:    {
        -: 1340:      //replace discarded card with last card in hand
        1: 1341:      state->hand[currentPlayer][handPos] = state->hand[currentPlayer][ (state->handCount[currentPlayer] - 1)];
        -: 1342:      //set last card to -1
        1: 1343:      state->hand[currentPlayer][state->handCount[currentPlayer] - 1] = -1;
        -: 1344:      //reduce number of cards in hand
        1: 1345:      state->handCount[currentPlayer]--;
        -: 1346:    }
        -: 1347:	
        1: 1348:  return 0;
        -: 1349:}
        -: 1350:
    #####: 1351:int gainCard(int supplyPos, struct gameState *state, int toFlag, int player)
        -: 1352:{
        -: 1353:  //Note: supplyPos is enum of choosen card
        -: 1354:	
        -: 1355:  //check if supply pile is empty (0) or card is not used in game (-1)
    #####: 1356:  if ( supplyCount(supplyPos, state) < 1 )
        -: 1357:    {
    #####: 1358:      return -1;
        -: 1359:    }
        -: 1360:	
        -: 1361:  //added card for [whoseTurn] current player:
        -: 1362:  // toFlag = 0 : add to discard
        -: 1363:  // toFlag = 1 : add to deck
        -: 1364:  // toFlag = 2 : add to hand
        -: 1365:
    #####: 1366:  if (toFlag == 1)
        -: 1367:    {
    #####: 1368:      state->deck[ player ][ state->deckCount[player] ] = supplyPos;
    #####: 1369:      state->deckCount[player]++;
        -: 1370:    }
    #####: 1371:  else if (toFlag == 2)
        -: 1372:    {
    #####: 1373:      state->hand[ player ][ state->handCount[player] ] = supplyPos;
    #####: 1374:      state->handCount[player]++;
        -: 1375:    }
        -: 1376:  else
        -: 1377:    {
    #####: 1378:      state->discard[player][ state->discardCount[player] ] = supplyPos;
    #####: 1379:      state->discardCount[player]++;
        -: 1380:    }
        -: 1381:	
        -: 1382:  //decrease number in supply pile
    #####: 1383:  state->supplyCount[supplyPos]--;
        -: 1384:	 
    #####: 1385:  return 0;
        -: 1386:}
        -: 1387:
        1: 1388:int updateCoins(int player, struct gameState *state, int bonus)
        -: 1389:{
        -: 1390:  int i;
        -: 1391:	
        -: 1392:  //reset coin count
        1: 1393:  state->coins = 0;
        -: 1394:
        -: 1395:  //add coins for each Treasure card in player's hand
        6: 1396:  for (i = 0; i < state->handCount[player]; i++)
        -: 1397:    {
        5: 1398:      if (state->hand[player][i] == copper)
        -: 1399:	{
        4: 1400:	  state->coins += 1;
        -: 1401:	}
        1: 1402:      else if (state->hand[player][i] == silver)
        -: 1403:	{
    #####: 1404:	  state->coins += 2;
        -: 1405:	}
        1: 1406:      else if (state->hand[player][i] == gold)
        -: 1407:	{
    #####: 1408:	  state->coins += 3;
        -: 1409:	}	
        -: 1410:    }	
        -: 1411:
        -: 1412:  //add bonus
        1: 1413:  state->coins += bonus;
        -: 1414:
        1: 1415:  return 0;
        -: 1416:}
        -: 1417:
        -: 1418:
        -: 1419://end of dominion.c
        -: 1420:
